<?xml version="1.0" encoding="UTF-8"?>
<testng-results ignored="0" total="1" passed="1" failed="0" skipped="0">
  <reporter-output>
    <line>
      <![CDATA[report configuration]]>
    </line>
    <line>
      <![CDATA[DB Connectivity open]]>
    </line>
    <line>
      <![CDATA[pre conditions]]>
    </line>
    <line>
      <![CDATA[closing browser]]>
    </line>
    <line>
      <![CDATA[post conditions]]>
    </line>
    <line>
      <![CDATA[DB connectivity close]]>
    </line>
  </reporter-output>
  <suite started-at="2025-07-28T07:00:41 IST" name="Default suite" finished-at="2025-07-28T07:01:02 IST" duration-ms="20942">
    <groups>
    </groups>
    <test started-at="2025-07-28T07:00:41 IST" name="Default test" finished-at="2025-07-28T07:01:02 IST" duration-ms="20942">
      <class name="Maven.CreateCampaignTest">
        <test-method is-config="true" signature="beforesuite()[pri:0, instance:Maven.CreateCampaignTest@6913c1fb]" started-at="2025-07-28T07:00:41 IST" name="beforesuite" finished-at="2025-07-28T07:00:41 IST" duration-ms="16" status="PASS">
          <reporter-output>
            <line>
              <![CDATA[DB Connectivity open]]>
            </line>
          </reporter-output>
        </test-method> <!-- beforesuite -->
        <test-method is-config="true" signature="beforetest()[pri:0, instance:Maven.CreateCampaignTest@6913c1fb]" started-at="2025-07-28T07:00:41 IST" name="beforetest" finished-at="2025-07-28T07:00:41 IST" duration-ms="1" status="PASS">
          <reporter-output>
            <line>
              <![CDATA[pre conditions]]>
            </line>
          </reporter-output>
        </test-method> <!-- beforetest -->
        <test-method is-config="true" signature="beforeclass()[pri:0, instance:Maven.CreateCampaignTest@6913c1fb]" started-at="2025-07-28T07:00:41 IST" name="beforeclass" finished-at="2025-07-28T07:00:46 IST" duration-ms="5037" status="PASS">
          <reporter-output>
          </reporter-output>
        </test-method> <!-- beforeclass -->
        <test-method is-config="true" signature="beforemethod()[pri:0, instance:Maven.CreateCampaignTest@6913c1fb]" started-at="2025-07-28T07:00:46 IST" name="beforemethod" finished-at="2025-07-28T07:00:52 IST" duration-ms="6142" status="PASS">
          <reporter-output>
          </reporter-output>
        </test-method> <!-- beforemethod -->
        <test-method signature="createCampaign()[pri:0, instance:Maven.CreateCampaignTest@6913c1fb]" started-at="2025-07-28T07:00:52 IST" name="createCampaign" finished-at="2025-07-28T07:01:01 IST" duration-ms="8196" status="PASS">
          <reporter-output>
          </reporter-output>
        </test-method> <!-- createCampaign -->
        <test-method is-config="true" signature="aftermethod()[pri:0, instance:Maven.CreateCampaignTest@6913c1fb]" started-at="2025-07-28T07:01:01 IST" name="aftermethod" finished-at="2025-07-28T07:01:02 IST" duration-ms="1481" status="PASS">
          <reporter-output>
          </reporter-output>
        </test-method> <!-- aftermethod -->
        <test-method is-config="true" signature="afterclass()[pri:0, instance:Maven.CreateCampaignTest@6913c1fb]" started-at="2025-07-28T07:01:02 IST" name="afterclass" finished-at="2025-07-28T07:01:02 IST" duration-ms="1" status="PASS">
          <reporter-output>
            <line>
              <![CDATA[closing browser]]>
            </line>
          </reporter-output>
        </test-method> <!-- afterclass -->
        <test-method is-config="true" signature="aftertest()[pri:0, instance:Maven.CreateCampaignTest@6913c1fb]" started-at="2025-07-28T07:01:02 IST" name="aftertest" finished-at="2025-07-28T07:01:02 IST" duration-ms="1" status="PASS">
          <reporter-output>
            <line>
              <![CDATA[post conditions]]>
            </line>
          </reporter-output>
        </test-method> <!-- aftertest -->
        <test-method is-config="true" signature="aftersuite()[pri:0, instance:Maven.CreateCampaignTest@6913c1fb]" started-at="2025-07-28T07:01:02 IST" name="aftersuite" finished-at="2025-07-28T07:01:02 IST" duration-ms="0" status="PASS">
          <reporter-output>
            <line>
              <![CDATA[DB connectivity close]]>
            </line>
          </reporter-output>
        </test-method> <!-- aftersuite -->
      </class> <!-- Maven.CreateCampaignTest -->
    </test> <!-- Default test -->
  </suite> <!-- Default suite -->
</testng-results>
